9 [139900449494912] INFO perfrun.launcher <> - Launcher main begin
17 [139900449494912] INFO perfrun.launcher <> - MessageCatalogInit finished
17 [139900449494912] INFO perfrun.launcher <> - Launcher instance created
17 [139900449494912] INFO perfrun.launcher <> - argc = 7; cmdline = /usr/local/intel/oneapi/advisor/2021.3.0/bin64/advixe-runss --ui-output-format xml --ui-output-fd 82 --option-file /s/chopin/k/grad/kriv/intel/advixe/projects/NMF small/e000/hs000/config/runss.options 
58 [139900449494912] INFO perfrun.launcher <> - create msngr2::ICliToolContext
58 [139900449494912] INFO perfrun.launcher <> - create file finder object
58 [139900449494912] INFO perfrun.launcher <> - create a result directory: pattern = /s/chopin/k/grad/kriv/intel/advixe/projects/NMF small/e000/hs000 pid = 4294967295
64 [139900449494912] INFO perfrun.sdk <> - checked that the directory /s/chopin/k/grad/kriv/intel/advixe/projects/NMF small/e000/hs000 is a local directory
64 [139900449494912] INFO perfrun.sdk <> - the directory /s/chopin/k/grad/kriv/intel/advixe/projects/NMF small/e000/hs000 is located on a share or its FS ID is unknown 26985
64 [139900449494912] INFO perfrun.sdk <> - checked that the directory /tmp/advixe-tmp-kriv is a local directory
64 [139900449494912] INFO perfrun.sdk <> - the directory /tmp/advixe-tmp-kriv is a local directory with FS type ID 16914836
64 [139900449494912] INFO perfrun.launcher <> - Create a local result directory /tmp/advixe-tmp-kriv/advixe-res-377051-550552738116915 due to the user result path /s/chopin/k/grad/kriv/intel/advixe/projects/NMF small/e000/hs000 is located on a share
64 [139900449494912] INFO perfrun.launcher <> - create data directory = /tmp/advixe-tmp-kriv/advixe-res-377051-550552738116915/data.0
70 [139900449494912] INFO perfrun.launcher <> - create data directory = /s/chopin/k/grad/kriv/intel/advixe/projects/NMF small/e000/hs000/data.0
72 [139900449494912] INFO perfrun.launcher <> - Creating the master collection flag
75 [139900449494912] INFO perfrun.launcher <> - Done creating the master collection flag
76 [139900286973696] INFO perfrun.launcher <> - plugin [remoteplug] was disabled because it doesn't support the given collection type.
76 [139900286973696] INFO perfrun.sdk <> - Allocating TMU :/tmp/advixe-tmp-kriv/advixe-res-377051-550552738116915/data.0/systemcollector-377051-denver.sc
76 [139900286973696] INFO perfrun.launcher <> - plugin [] was disabled because it doesn't support the given collection type.
76 [139900286973696] INFO perfrun.launcher <> - plugin [gpu] was disabled because it doesn't support the given collection type.
76 [139900286973696] INFO perfrun.launcher <> - plugin [] was disabled because it doesn't support the given collection type.
76 [139900286973696] INFO perfrun.launcher <> - plugin [] was disabled because it doesn't support the given collection type.
76 [139900286973696] INFO perfrun.launcher <> - plugin [] was disabled because it doesn't support the given collection type.
76 [139900286973696] INFO perfrun.mrte <> - system-wide mode is 0
76 [139900286973696] INFO perfrun.mrte <> - Getting  mrte profiling environment ...
135 [139900286973696] INFO perfrun.mrte <> - INTEL_MRTE_DATA_DIR=/tmp/advixe-tmp-kriv/advixe-res-377051-550552738116915/data.0
135 [139900286973696] INFO perfrun.mrte <> - INTEL_MRTE_HOST_NAME=denver
135 [139900286973696] INFO perfrun.mrte <> - Data directory: /tmp/advixe-tmp-kriv/advixe-res-377051-550552738116915/data.0
135 [139900286973696] INFO perfrun.mrte <> - Mrte plugin is initialized
135 [139900286973696] INFO perfrun.launcher <> - plugin [] was disabled because it doesn't support the given collection type.
135 [139900286973696] INFO perfrun.launcher <> - plugin [] was disabled because it doesn't support the given collection type.
135 [139900286973696] INFO perfrun.launcher <> - plugin [] was disabled because it doesn't support the given collection type.
135 [139900286973696] INFO perfrun.launcher <> - plugin [] was disabled because it doesn't support the given collection type.
135 [139900286973696] INFO perfrun.launcher <> - plugin [] was disabled because it doesn't support the given collection type.
135 [139900286973696] INFO perfrun.launcher <> - plugin [] was disabled because it doesn't support the given collection type.
135 [139900286973696] INFO perfrun.launcher <> - plugin [] was disabled because it doesn't support the given collection type.
135 [139900286973696] INFO perfrun.tpss <> - initialize tpss controller
135 [139900286973696] INFO perfrun.tpss <> - configure collection mode: value = cpu:stack
135 [139900286973696] INFO perfrun.tpss <> - default obj-size-min=1024
135 [139900286973696] INFO perfrun.tpss <> - default hash-table-size=0
135 [139900286973696] INFO perfrun.launcher <> - plugin [] was disabled because it doesn't support the given collection type.
135 [139900286973696] INFO perfrun.launcher <> - plugin [] was disabled because it doesn't support the given collection type.
135 [139900286973696] INFO perfrun.launcher <> - plugin [] was disabled because it doesn't support the given collection type.
135 [139900286973696] INFO perfrun.launcher <> - plugin [] was disabled because it doesn't support the given collection type.
135 [139900286973696] INFO perfrun.launcher <> - plugin [] was disabled because it doesn't support the given collection type.
135 [139900286973696] INFO perfrun.launcher <> - plugin [] was disabled because it doesn't support the given collection type.
135 [139900286973696] INFO perfrun.launcher <> - plugin [] was disabled because it doesn't support the given collection type.
135 [139900286973696] INFO perfrun.launcher <> - plugin [] was disabled because it doesn't support the given collection type.
135 [139900286973696] INFO perfrun.launcher <> - plugin [] was disabled because it doesn't support the given collection type.
135 [139900449494912] INFO perfrun.launcher <> - set environment variable: LD_LIBRARY_PATH = /usr/local/intel/oneapi/advisor/2021.3.0/lib32/runtime:/usr/local/intel/oneapi/advisor/2021.3.0/lib64/runtime:/usr/local/cuda/latest/lib64:/usr/lib64/openmpi/lib:/usr/local/cuda/11.0/targets/x86_64-linux/lib
135 [139900449494912] INFO perfrun.launcher <> - set environment variable: INTEL_LIBITTNOTIFY32 = /usr/local/intel/oneapi/advisor/2021.3.0/lib32/runtime/libittnotify_collector.so
135 [139900449494912] INFO perfrun.launcher <> - set environment variable: INTEL_LIBITTNOTIFY64 = /usr/local/intel/oneapi/advisor/2021.3.0/lib64/runtime/libittnotify_collector.so
135 [139900449494912] INFO perfrun.launcher <> - set environment variable: INTEL_ITTNOTIFY_GROUPS = 
135 [139900449494912] INFO perfrun.launcher <> - set environment variable: INTEL_JIT_PROFILER32 = /usr/local/intel/oneapi/advisor/2021.3.0/lib32/runtime/libittnotify_collector.so
135 [139900449494912] INFO perfrun.launcher <> - set environment variable: INTEL_JIT_PROFILER64 = /usr/local/intel/oneapi/advisor/2021.3.0/lib64/runtime/libittnotify_collector.so
135 [139900449494912] INFO perfrun.launcher <> - set environment variable: VS_PROFILER = libittnotify_collector.so
135 [139900449494912] INFO perfrun.launcher <> - set environment variable: OMP_TOOL_LIBRARIES = /usr/local/intel/oneapi/advisor/2021.3.0/lib32/runtime/libittnotify_collector.so:/usr/local/intel/oneapi/advisor/2021.3.0/lib64/runtime/libittnotify_collector.so
136 [139900449494912] INFO perfrun.launcher <> - set environment variable: ENABLE_JITPROFILING = 1
136 [139900449494912] INFO perfrun.launcher <> - set environment variable: CL_CONFIG_USE_VTUNE = True
136 [139900449494912] INFO perfrun.launcher <> - set environment variable: KMP_FORKJOIN_FRAMES = 0
136 [139900449494912] INFO perfrun.launcher <> - set environment variable: KMP_FORKJOIN_FRAMES_MODE = 0
136 [139900449494912] INFO perfrun.launcher <> - set environment variable: OMP_TOOL = disabled
136 [139900449494912] INFO perfrun.launcher <> - set environment variable: INTEL_MRTE_DATA_DIR = /tmp/advixe-tmp-kriv/advixe-res-377051-550552738116915/data.0
136 [139900449494912] INFO perfrun.launcher <> - set environment variable: INTEL_MRTE_HOST_NAME = denver
136 [139900449494912] INFO perfrun.launcher <> - RpcServer: run RPC server to handle requests
138 [139900449494912] INFO perfrun.launcher <> - Launcher: command line to start before modification = /s/chopin/k/grad/kriv/CS575/NMF/nmf -N 3 -I 10000 -T 1 ./test_data/small_data.dat
139 [139900449494912] INFO perfrun.launcher <> - Launcher: command line to start after modification = /usr/local/intel/oneapi/advisor/2021.3.0/bin64/pin -error_file /tmp/advixe-tmp-kriv/advixe-res-377051-550552738116915/data.0/pinerr.tpsslog -detach_reattach -follow_execv -tool_load_option deepbind -t64 /usr/local/intel/oneapi/advisor/2021.3.0/lib64/libtpsstool.so -t /usr/local/intel/oneapi/advisor/2021.3.0/lib32/libtpsstool.so -server_name tpss_ipc.377051 -prd_dir /usr/local/intel/oneapi/advisor/2021.3.0 -- /s/chopin/k/grad/kriv/CS575/NMF/nmf -N 3 -I 10000 -T 1 ./test_data/small_data.dat
139 [139900449494912] INFO perfrun.launcher <> - ProcessCreator object was created
140 [139900449494912] INFO perfrun.launcher <> - Launcher: the process was started in suspend mode
147 [139900286973696] WARN perfrun.system <> - Could not do anything with /sys/kernel/debug/kvm: boost::filesystem::status: Permission denied: "/sys/kernel/debug/kvm", at file: vcs/perfrun1/plugins/system/src/trace_writer.cpp:797
148 [139900286973696] WARN perfrun.sdk <> - Failed to find xl binary on any of the system paths: /bin, /sbin, /usr/bin, /usr/sbin., at file: vcs/perfrun1/sdk/src/utils.cpp:197
152 [139900286973696] INFO perfrun.vdso <> - Helper runtool '/usr/local/intel/oneapi/advisor/2021.3.0/bin32/advixe-runss -dump-vdso -r /tmp/advixe-tmp-kriv/advixe-res-377051-550552738116915 --tmp-dir /tmp/advixe-tmp-kriv' returned 1
255 [139900286973696] INFO perfrun.vdso <> - Helper runtool '/usr/local/intel/oneapi/advisor/2021.3.0/bin64/advixe-runss -dump-vdso -r /tmp/advixe-tmp-kriv/advixe-res-377051-550552738116915 --tmp-dir /tmp/advixe-tmp-kriv' returned 0
255 [139900286973696] INFO perfrun.itt <> - start itt controller for pid #377064
256 [139900286973696] INFO perfrun.tpss <> - start tpss controller for pid #377064
306 [139900449494912] INFO perfrun.launcher <> - Launcher: all plugins were started
306 [139900449494912] INFO perfrun.launcher <> - DirectoryMonitor object was created
306 [139900449494912] INFO perfrun.launcher <> - DirectoryMonitor: a callback was added
306 [139900449494912] INFO perfrun.launcher <> - DirectoryMonitor was started with pingTime = 1000
306 [139900449494912] INFO perfrun.launcher <> - DeadlineTimer is going to be constructed
306 [139900449494912] INFO perfrun.launcher <> - DeadlineTimer: a callback was added
315 [139900449494912] INFO perfrun.launcher <> - Launcher: resume the profiled application and  wait its termination or stop command
1375 [139900449494912] INFO perfrun.launcher <> - Launcher: the profiled application was terminated  with exit code = 0
1378 [139900286973696] INFO perfrun.itt <> - stop itt controller
1378 [139900286973696] INFO perfrun.itt <> - detach itt controller
1378 [139900286973696] INFO perfrun.tpss <> - stop tpss controller
1380 [139900286973696] INFO perfrun.sdk <> - De-allocating TMU: /tmp/advixe-tmp-kriv/advixe-res-377051-550552738116915/data.0/systemcollector-377051-denver.sc
1380 [139900286973696] INFO perfrun.system <> - closed the system trace file: /tmp/advixe-tmp-kriv/advixe-res-377051-550552738116915/data.0/systemcollector-377051-denver.sc
1380 [139900449494912] INFO perfrun.launcher <> - Launcher: all plugins were stopped.
1380 [139900449494912] INFO perfrun.launcher <> - DeadlineTimer is going to be destroyed
1380 [139900449494912] INFO perfrun.launcher <> - DeadlineTimer was destroyed
1380 [139900449494912] INFO perfrun.launcher <> - DirectoryMonitor object was destroyed
1380 [139900449494912] WARN perfrun.launcher <> - Stop command is ignored because it is received when collection is already stopped, at file: vcs/perfrun1/launcher/src/command_handler.cpp:212
1441 [139900449494912] INFO perfrun.launcher <> - Application exit code: 0
1441 [139900449494912] INFO perfrun.launcher <> - Exit code: 0
