Collection status has changed. 1
Collection has been started.
Collection has stopped. Application exit code:  0
Finalizing results
Finalizing the result
Clearing the database
The database has been cleared, elapsed time is 0.189 seconds.
Loading raw data to the database
Loading 'bandwidth_1682272881.hpc' file
Loading 'systemcollector-381399-denver.sc' file
Loading '381399-381412.0.trace' file
Loading 'tripcounts_381116_0.tcs' file
Error: Cannot load data file `/s/chopin/k/grad/kriv/intel/advixe/projects/NMF Medium/e000/hs001/data.1/advixe-runtrc.txt' ().
Updating precomputed scalar metrics
Raw data has been loaded to the database, elapsed time is 0.156 seconds.
Processing profile metrics and debug information
Data transformations have been finished, elapsed time is 0.000 seconds.
Setting data model parameters
Resolving module symbols
Resolving information for `nmf'
Resolving information for `libc.so.6'
Resolving information for `libm.so.6'
Warning: Cannot locate debugging information for file `/lib64/libc.so.6'.
Warning: Cannot locate debugging information for file `/lib64/libm.so.6'.
Resolving bottom user stack information
Resolving thread name information
Resolving call target names for dynamic code
Symbol resolution has been finished, elapsed time is 0.098 seconds.
Processing profile metrics and debug information
Resolving FLOP information
Processing information for self instruction mix report
Calculating function call count
Processing information for light dynamic instruction mix report
Deferred data transformations have been finished, elapsed time is 0.274 seconds.
Setting data model parameters
Data model parameters have been set, elapsed time is 0.018 seconds.
Precomputing frequently used data
Precomputing frequently used data
Updating precomputed scalar metrics
Precomputing frequently used data has been finished, elapsed time is 0.085 seconds.
Discarding redundant overtime data
Saving the result
Redundant overtime data has been discarded, elapsed time is 0.005 seconds.
Raw collector data has been discarded, elapsed time is 0.000 seconds.
Finalizing the result took 0.888 seconds.
Preparing data for display of survey call tree
Resolving module symbols
Resolving information for dangling locations
Resolving bottom user stack information
Resolving thread name information
Resolving call target names for dynamic code
Precomputing frequently used data
