8 [139868549543808] INFO perfrun.launcher <> - Launcher main begin
19 [139868549543808] INFO perfrun.launcher <> - MessageCatalogInit finished
19 [139868549543808] INFO perfrun.launcher <> - Launcher instance created
19 [139868549543808] INFO perfrun.launcher <> - argc = 6; cmdline = /usr/local/intel/oneapi/advisor/2021.3.0/bin64/advixe-runss -dump-vdso -r /tmp/advixe-tmp-kriv/advixe-res-380901-553534473866405 --tmp-dir /tmp/advixe-tmp-kriv 
61 [139868549543808] INFO perfrun.launcher <> - create msngr2::ICliToolContext
61 [139868549543808] INFO perfrun.launcher <> - create file finder object
73 [139868387022592] INFO perfrun.launcher <> - plugin [remoteplug] was disabled because it doesn't support the given collection type.
73 [139868387022592] INFO perfrun.launcher <> - plugin [system] was disabled because it doesn't support the given collection type.
73 [139868387022592] INFO perfrun.vdso <> - dumping [vdso] pseudomodule
73 [139868387022592] INFO perfrun.launcher <> - plugin [itt] was disabled because it doesn't support the given collection type.
73 [139868387022592] INFO perfrun.launcher <> - plugin [] was disabled because it doesn't support the given collection type.
73 [139868387022592] INFO perfrun.launcher <> - plugin [gpu] was disabled because it doesn't support the given collection type.
73 [139868387022592] INFO perfrun.launcher <> - plugin [] was disabled because it doesn't support the given collection type.
73 [139868387022592] INFO perfrun.launcher <> - plugin [] was disabled because it doesn't support the given collection type.
73 [139868387022592] INFO perfrun.launcher <> - plugin [] was disabled because it doesn't support the given collection type.
73 [139868387022592] INFO perfrun.launcher <> - plugin [mrte] was disabled because it doesn't support the given collection type.
73 [139868387022592] INFO perfrun.launcher <> - plugin [] was disabled because it doesn't support the given collection type.
73 [139868387022592] INFO perfrun.launcher <> - plugin [] was disabled because it doesn't support the given collection type.
73 [139868387022592] INFO perfrun.launcher <> - plugin [] was disabled because it doesn't support the given collection type.
73 [139868387022592] INFO perfrun.launcher <> - plugin [] was disabled because it doesn't support the given collection type.
74 [139868387022592] INFO perfrun.launcher <> - plugin [] was disabled because it doesn't support the given collection type.
74 [139868387022592] INFO perfrun.launcher <> - plugin [] was disabled because it doesn't support the given collection type.
74 [139868387022592] INFO perfrun.launcher <> - plugin [] was disabled because it doesn't support the given collection type.
74 [139868387022592] INFO perfrun.launcher <> - plugin [tpss] was disabled because it doesn't support the given collection type.
74 [139868387022592] INFO perfrun.launcher <> - plugin [] was disabled because it doesn't support the given collection type.
74 [139868387022592] INFO perfrun.launcher <> - plugin [] was disabled because it doesn't support the given collection type.
74 [139868387022592] INFO perfrun.launcher <> - plugin [] was disabled because it doesn't support the given collection type.
74 [139868387022592] INFO perfrun.launcher <> - plugin [] was disabled because it doesn't support the given collection type.
74 [139868387022592] INFO perfrun.launcher <> - plugin [] was disabled because it doesn't support the given collection type.
74 [139868387022592] INFO perfrun.launcher <> - plugin [] was disabled because it doesn't support the given collection type.
74 [139868387022592] INFO perfrun.launcher <> - plugin [] was disabled because it doesn't support the given collection type.
74 [139868387022592] INFO perfrun.launcher <> - plugin [] was disabled because it doesn't support the given collection type.
74 [139868387022592] INFO perfrun.launcher <> - plugin [] was disabled because it doesn't support the given collection type.
74 [139868549543808] INFO perfrun.launcher <> - Application exit code: 0
74 [139868549543808] INFO perfrun.launcher <> - Exit code: 0
