7 [140510082836352] INFO perfrun.launcher <> - Launcher main begin
15 [140510082836352] INFO perfrun.launcher <> - MessageCatalogInit finished
15 [140510082836352] INFO perfrun.launcher <> - Launcher instance created
15 [140510082836352] INFO perfrun.launcher <> - argc = 7; cmdline = /usr/local/intel/oneapi/advisor/2021.3.0/bin64/advixe-runss --ui-output-format xml --ui-output-fd 79 --option-file /s/chopin/k/grad/kriv/intel/advixe/projects/NMF Large/e000/hs000/config/runss.options 
71 [140510082836352] INFO perfrun.launcher <> - create msngr2::ICliToolContext
72 [140510082836352] INFO perfrun.launcher <> - create file finder object
72 [140510082836352] INFO perfrun.launcher <> - create a result directory: pattern = /s/chopin/k/grad/kriv/intel/advixe/projects/NMF Large/e000/hs000 pid = 4294967295
79 [140510082836352] INFO perfrun.sdk <> - checked that the directory /s/chopin/k/grad/kriv/intel/advixe/projects/NMF Large/e000/hs000 is a local directory
80 [140510082836352] INFO perfrun.sdk <> - the directory /s/chopin/k/grad/kriv/intel/advixe/projects/NMF Large/e000/hs000 is located on a share or its FS ID is unknown 26985
80 [140510082836352] INFO perfrun.sdk <> - checked that the directory /tmp/advixe-tmp-kriv is a local directory
80 [140510082836352] INFO perfrun.sdk <> - the directory /tmp/advixe-tmp-kriv is a local directory with FS type ID 16914836
80 [140510082836352] INFO perfrun.launcher <> - Create a local result directory /tmp/advixe-tmp-kriv/advixe-res-384014-559031757577864 due to the user result path /s/chopin/k/grad/kriv/intel/advixe/projects/NMF Large/e000/hs000 is located on a share
80 [140510082836352] INFO perfrun.launcher <> - create data directory = /tmp/advixe-tmp-kriv/advixe-res-384014-559031757577864/data.0
81 [140510082836352] INFO perfrun.launcher <> - create data directory = /s/chopin/k/grad/kriv/intel/advixe/projects/NMF Large/e000/hs000/data.0
83 [140510082836352] INFO perfrun.launcher <> - Creating the master collection flag
87 [140510082836352] INFO perfrun.launcher <> - Done creating the master collection flag
100 [140509920339712] INFO perfrun.launcher <> - plugin [remoteplug] was disabled because it doesn't support the given collection type.
100 [140509920339712] INFO perfrun.sdk <> - Allocating TMU :/tmp/advixe-tmp-kriv/advixe-res-384014-559031757577864/data.0/systemcollector-384014-denver.sc
100 [140509920339712] INFO perfrun.launcher <> - plugin [] was disabled because it doesn't support the given collection type.
100 [140509920339712] INFO perfrun.launcher <> - plugin [gpu] was disabled because it doesn't support the given collection type.
100 [140509920339712] INFO perfrun.launcher <> - plugin [] was disabled because it doesn't support the given collection type.
100 [140509920339712] INFO perfrun.launcher <> - plugin [] was disabled because it doesn't support the given collection type.
100 [140509920339712] INFO perfrun.launcher <> - plugin [] was disabled because it doesn't support the given collection type.
100 [140509920339712] INFO perfrun.mrte <> - system-wide mode is 0
100 [140509920339712] INFO perfrun.mrte <> - Getting  mrte profiling environment ...
157 [140509920339712] INFO perfrun.mrte <> - INTEL_MRTE_DATA_DIR=/tmp/advixe-tmp-kriv/advixe-res-384014-559031757577864/data.0
157 [140509920339712] INFO perfrun.mrte <> - INTEL_MRTE_HOST_NAME=denver
157 [140509920339712] INFO perfrun.mrte <> - Data directory: /tmp/advixe-tmp-kriv/advixe-res-384014-559031757577864/data.0
157 [140509920339712] INFO perfrun.mrte <> - Mrte plugin is initialized
157 [140509920339712] INFO perfrun.launcher <> - plugin [] was disabled because it doesn't support the given collection type.
157 [140509920339712] INFO perfrun.launcher <> - plugin [] was disabled because it doesn't support the given collection type.
157 [140509920339712] INFO perfrun.launcher <> - plugin [] was disabled because it doesn't support the given collection type.
157 [140509920339712] INFO perfrun.launcher <> - plugin [] was disabled because it doesn't support the given collection type.
157 [140509920339712] INFO perfrun.launcher <> - plugin [] was disabled because it doesn't support the given collection type.
157 [140509920339712] INFO perfrun.launcher <> - plugin [] was disabled because it doesn't support the given collection type.
157 [140509920339712] INFO perfrun.launcher <> - plugin [] was disabled because it doesn't support the given collection type.
157 [140509920339712] INFO perfrun.tpss <> - initialize tpss controller
157 [140509920339712] INFO perfrun.tpss <> - configure collection mode: value = cpu:stack
157 [140509920339712] INFO perfrun.tpss <> - default obj-size-min=1024
157 [140509920339712] INFO perfrun.tpss <> - default hash-table-size=0
157 [140509920339712] INFO perfrun.launcher <> - plugin [] was disabled because it doesn't support the given collection type.
157 [140509920339712] INFO perfrun.launcher <> - plugin [] was disabled because it doesn't support the given collection type.
157 [140509920339712] INFO perfrun.launcher <> - plugin [] was disabled because it doesn't support the given collection type.
157 [140509920339712] INFO perfrun.launcher <> - plugin [] was disabled because it doesn't support the given collection type.
157 [140509920339712] INFO perfrun.launcher <> - plugin [] was disabled because it doesn't support the given collection type.
157 [140509920339712] INFO perfrun.launcher <> - plugin [] was disabled because it doesn't support the given collection type.
157 [140509920339712] INFO perfrun.launcher <> - plugin [] was disabled because it doesn't support the given collection type.
157 [140509920339712] INFO perfrun.launcher <> - plugin [] was disabled because it doesn't support the given collection type.
157 [140509920339712] INFO perfrun.launcher <> - plugin [] was disabled because it doesn't support the given collection type.
157 [140510082836352] INFO perfrun.launcher <> - set environment variable: LD_LIBRARY_PATH = /usr/local/intel/oneapi/advisor/2021.3.0/lib32/runtime:/usr/local/intel/oneapi/advisor/2021.3.0/lib64/runtime:/usr/local/cuda/latest/lib64:/usr/lib64/openmpi/lib:/usr/local/cuda/11.0/targets/x86_64-linux/lib
157 [140510082836352] INFO perfrun.launcher <> - set environment variable: INTEL_LIBITTNOTIFY32 = /usr/local/intel/oneapi/advisor/2021.3.0/lib32/runtime/libittnotify_collector.so
157 [140510082836352] INFO perfrun.launcher <> - set environment variable: INTEL_LIBITTNOTIFY64 = /usr/local/intel/oneapi/advisor/2021.3.0/lib64/runtime/libittnotify_collector.so
157 [140510082836352] INFO perfrun.launcher <> - set environment variable: INTEL_ITTNOTIFY_GROUPS = 
157 [140510082836352] INFO perfrun.launcher <> - set environment variable: INTEL_JIT_PROFILER32 = /usr/local/intel/oneapi/advisor/2021.3.0/lib32/runtime/libittnotify_collector.so
157 [140510082836352] INFO perfrun.launcher <> - set environment variable: INTEL_JIT_PROFILER64 = /usr/local/intel/oneapi/advisor/2021.3.0/lib64/runtime/libittnotify_collector.so
157 [140510082836352] INFO perfrun.launcher <> - set environment variable: VS_PROFILER = libittnotify_collector.so
157 [140510082836352] INFO perfrun.launcher <> - set environment variable: OMP_TOOL_LIBRARIES = /usr/local/intel/oneapi/advisor/2021.3.0/lib32/runtime/libittnotify_collector.so:/usr/local/intel/oneapi/advisor/2021.3.0/lib64/runtime/libittnotify_collector.so
157 [140510082836352] INFO perfrun.launcher <> - set environment variable: ENABLE_JITPROFILING = 1
157 [140510082836352] INFO perfrun.launcher <> - set environment variable: CL_CONFIG_USE_VTUNE = True
157 [140510082836352] INFO perfrun.launcher <> - set environment variable: KMP_FORKJOIN_FRAMES = 0
157 [140510082836352] INFO perfrun.launcher <> - set environment variable: KMP_FORKJOIN_FRAMES_MODE = 0
157 [140510082836352] INFO perfrun.launcher <> - set environment variable: OMP_TOOL = disabled
157 [140510082836352] INFO perfrun.launcher <> - set environment variable: INTEL_MRTE_DATA_DIR = /tmp/advixe-tmp-kriv/advixe-res-384014-559031757577864/data.0
157 [140510082836352] INFO perfrun.launcher <> - set environment variable: INTEL_MRTE_HOST_NAME = denver
157 [140510082836352] INFO perfrun.launcher <> - RpcServer: run RPC server to handle requests
160 [140510082836352] INFO perfrun.launcher <> - Launcher: command line to start before modification = /s/chopin/k/grad/kriv/CS575/NMF/nmf -N 10 -I 10000 -T 15 ./test_data/large_data.dat
161 [140510082836352] INFO perfrun.launcher <> - Launcher: command line to start after modification = /usr/local/intel/oneapi/advisor/2021.3.0/bin64/pin -error_file /tmp/advixe-tmp-kriv/advixe-res-384014-559031757577864/data.0/pinerr.tpsslog -detach_reattach -follow_execv -tool_load_option deepbind -t64 /usr/local/intel/oneapi/advisor/2021.3.0/lib64/libtpsstool.so -t /usr/local/intel/oneapi/advisor/2021.3.0/lib32/libtpsstool.so -server_name tpss_ipc.384014 -prd_dir /usr/local/intel/oneapi/advisor/2021.3.0 -- /s/chopin/k/grad/kriv/CS575/NMF/nmf -N 10 -I 10000 -T 15 ./test_data/large_data.dat
161 [140510082836352] INFO perfrun.launcher <> - ProcessCreator object was created
161 [140510082836352] INFO perfrun.launcher <> - Launcher: the process was started in suspend mode
174 [140509920339712] WARN perfrun.system <> - Could not do anything with /sys/kernel/debug/kvm: boost::filesystem::status: Permission denied: "/sys/kernel/debug/kvm", at file: vcs/perfrun1/plugins/system/src/trace_writer.cpp:797
175 [140509920339712] WARN perfrun.sdk <> - Failed to find xl binary on any of the system paths: /bin, /sbin, /usr/bin, /usr/sbin., at file: vcs/perfrun1/sdk/src/utils.cpp:197
180 [140509920339712] INFO perfrun.vdso <> - Helper runtool '/usr/local/intel/oneapi/advisor/2021.3.0/bin32/advixe-runss -dump-vdso -r /tmp/advixe-tmp-kriv/advixe-res-384014-559031757577864 --tmp-dir /tmp/advixe-tmp-kriv' returned 1
263 [140509920339712] INFO perfrun.vdso <> - Helper runtool '/usr/local/intel/oneapi/advisor/2021.3.0/bin64/advixe-runss -dump-vdso -r /tmp/advixe-tmp-kriv/advixe-res-384014-559031757577864 --tmp-dir /tmp/advixe-tmp-kriv' returned 0
263 [140509920339712] INFO perfrun.itt <> - start itt controller for pid #384027
263 [140509920339712] INFO perfrun.tpss <> - start tpss controller for pid #384027
313 [140510082836352] INFO perfrun.launcher <> - Launcher: all plugins were started
313 [140510082836352] INFO perfrun.launcher <> - DirectoryMonitor object was created
313 [140510082836352] INFO perfrun.launcher <> - DirectoryMonitor: a callback was added
313 [140510082836352] INFO perfrun.launcher <> - DirectoryMonitor was started with pingTime = 1000
313 [140510082836352] INFO perfrun.launcher <> - DeadlineTimer is going to be constructed
313 [140510082836352] INFO perfrun.launcher <> - DeadlineTimer: a callback was added
320 [140510082836352] INFO perfrun.launcher <> - Launcher: resume the profiled application and  wait its termination or stop command
65324 [140510082836352] INFO perfrun.launcher <> - Launcher: the profiled application was terminated  with exit code = 0
65326 [140509920339712] INFO perfrun.itt <> - stop itt controller
65326 [140509920339712] INFO perfrun.itt <> - detach itt controller
65326 [140509920339712] INFO perfrun.tpss <> - stop tpss controller
65326 [140509920339712] INFO perfrun.sdk <> - De-allocating TMU: /tmp/advixe-tmp-kriv/advixe-res-384014-559031757577864/data.0/systemcollector-384014-denver.sc
65326 [140509920339712] INFO perfrun.system <> - closed the system trace file: /tmp/advixe-tmp-kriv/advixe-res-384014-559031757577864/data.0/systemcollector-384014-denver.sc
65326 [140510082836352] INFO perfrun.launcher <> - Launcher: all plugins were stopped.
65327 [140510082836352] INFO perfrun.launcher <> - DeadlineTimer is going to be destroyed
65327 [140510082836352] INFO perfrun.launcher <> - DeadlineTimer was destroyed
65327 [140510082836352] INFO perfrun.launcher <> - DirectoryMonitor object was destroyed
65327 [140510082836352] WARN perfrun.launcher <> - Stop command is ignored because it is received when collection is already stopped, at file: vcs/perfrun1/launcher/src/command_handler.cpp:212
65352 [140510082836352] INFO perfrun.launcher <> - Application exit code: 0
65352 [140510082836352] INFO perfrun.launcher <> - Exit code: 0
