8 [140219073050496] INFO perfrun.launcher <> - Launcher main begin
18 [140219073050496] INFO perfrun.launcher <> - MessageCatalogInit finished
18 [140219073050496] INFO perfrun.launcher <> - Launcher instance created
18 [140219073050496] INFO perfrun.launcher <> - argc = 6; cmdline = /usr/local/intel/oneapi/advisor/2021.3.0/bin64/advixe-runss -dump-vdso -r /tmp/advixe-tmp-kriv/advixe-res-384014-559031757577864 --tmp-dir /tmp/advixe-tmp-kriv 
59 [140219073050496] INFO perfrun.launcher <> - create msngr2::ICliToolContext
59 [140219073050496] INFO perfrun.launcher <> - create file finder object
60 [140218910529280] INFO perfrun.launcher <> - plugin [remoteplug] was disabled because it doesn't support the given collection type.
60 [140218910529280] INFO perfrun.launcher <> - plugin [system] was disabled because it doesn't support the given collection type.
60 [140218910529280] INFO perfrun.vdso <> - dumping [vdso] pseudomodule
60 [140218910529280] INFO perfrun.launcher <> - plugin [itt] was disabled because it doesn't support the given collection type.
60 [140218910529280] INFO perfrun.launcher <> - plugin [] was disabled because it doesn't support the given collection type.
60 [140218910529280] INFO perfrun.launcher <> - plugin [gpu] was disabled because it doesn't support the given collection type.
60 [140218910529280] INFO perfrun.launcher <> - plugin [] was disabled because it doesn't support the given collection type.
60 [140218910529280] INFO perfrun.launcher <> - plugin [] was disabled because it doesn't support the given collection type.
60 [140218910529280] INFO perfrun.launcher <> - plugin [] was disabled because it doesn't support the given collection type.
60 [140218910529280] INFO perfrun.launcher <> - plugin [mrte] was disabled because it doesn't support the given collection type.
60 [140218910529280] INFO perfrun.launcher <> - plugin [] was disabled because it doesn't support the given collection type.
60 [140218910529280] INFO perfrun.launcher <> - plugin [] was disabled because it doesn't support the given collection type.
60 [140218910529280] INFO perfrun.launcher <> - plugin [] was disabled because it doesn't support the given collection type.
60 [140218910529280] INFO perfrun.launcher <> - plugin [] was disabled because it doesn't support the given collection type.
60 [140218910529280] INFO perfrun.launcher <> - plugin [] was disabled because it doesn't support the given collection type.
60 [140218910529280] INFO perfrun.launcher <> - plugin [] was disabled because it doesn't support the given collection type.
60 [140218910529280] INFO perfrun.launcher <> - plugin [] was disabled because it doesn't support the given collection type.
60 [140218910529280] INFO perfrun.launcher <> - plugin [tpss] was disabled because it doesn't support the given collection type.
60 [140218910529280] INFO perfrun.launcher <> - plugin [] was disabled because it doesn't support the given collection type.
60 [140218910529280] INFO perfrun.launcher <> - plugin [] was disabled because it doesn't support the given collection type.
60 [140218910529280] INFO perfrun.launcher <> - plugin [] was disabled because it doesn't support the given collection type.
60 [140218910529280] INFO perfrun.launcher <> - plugin [] was disabled because it doesn't support the given collection type.
60 [140218910529280] INFO perfrun.launcher <> - plugin [] was disabled because it doesn't support the given collection type.
60 [140218910529280] INFO perfrun.launcher <> - plugin [] was disabled because it doesn't support the given collection type.
60 [140218910529280] INFO perfrun.launcher <> - plugin [] was disabled because it doesn't support the given collection type.
60 [140218910529280] INFO perfrun.launcher <> - plugin [] was disabled because it doesn't support the given collection type.
60 [140218910529280] INFO perfrun.launcher <> - plugin [] was disabled because it doesn't support the given collection type.
60 [140219073050496] INFO perfrun.launcher <> - Application exit code: 0
60 [140219073050496] INFO perfrun.launcher <> - Exit code: 0
