7 [139976689641344] INFO perfrun.launcher <> - Launcher main begin
17 [139976689641344] INFO perfrun.launcher <> - MessageCatalogInit finished
17 [139976689641344] INFO perfrun.launcher <> - Launcher instance created
17 [139976689641344] INFO perfrun.launcher <> - argc = 6; cmdline = /usr/local/intel/oneapi/advisor/2021.3.0/bin64/advixe-runss -dump-vdso -r /tmp/advixe-tmp-kriv/advixe-res-390961-570568112402729 --tmp-dir /tmp/advixe-tmp-kriv 
57 [139976689641344] INFO perfrun.launcher <> - create msngr2::ICliToolContext
58 [139976689641344] INFO perfrun.launcher <> - create file finder object
58 [139976527144704] INFO perfrun.launcher <> - plugin [remoteplug] was disabled because it doesn't support the given collection type.
58 [139976527144704] INFO perfrun.launcher <> - plugin [system] was disabled because it doesn't support the given collection type.
58 [139976527144704] INFO perfrun.vdso <> - dumping [vdso] pseudomodule
58 [139976527144704] INFO perfrun.launcher <> - plugin [itt] was disabled because it doesn't support the given collection type.
58 [139976527144704] INFO perfrun.launcher <> - plugin [] was disabled because it doesn't support the given collection type.
58 [139976527144704] INFO perfrun.launcher <> - plugin [gpu] was disabled because it doesn't support the given collection type.
58 [139976527144704] INFO perfrun.launcher <> - plugin [] was disabled because it doesn't support the given collection type.
58 [139976527144704] INFO perfrun.launcher <> - plugin [] was disabled because it doesn't support the given collection type.
58 [139976527144704] INFO perfrun.launcher <> - plugin [] was disabled because it doesn't support the given collection type.
58 [139976527144704] INFO perfrun.launcher <> - plugin [mrte] was disabled because it doesn't support the given collection type.
58 [139976527144704] INFO perfrun.launcher <> - plugin [] was disabled because it doesn't support the given collection type.
58 [139976527144704] INFO perfrun.launcher <> - plugin [] was disabled because it doesn't support the given collection type.
58 [139976527144704] INFO perfrun.launcher <> - plugin [] was disabled because it doesn't support the given collection type.
58 [139976527144704] INFO perfrun.launcher <> - plugin [] was disabled because it doesn't support the given collection type.
58 [139976527144704] INFO perfrun.launcher <> - plugin [] was disabled because it doesn't support the given collection type.
58 [139976527144704] INFO perfrun.launcher <> - plugin [] was disabled because it doesn't support the given collection type.
59 [139976527144704] INFO perfrun.launcher <> - plugin [] was disabled because it doesn't support the given collection type.
59 [139976527144704] INFO perfrun.launcher <> - plugin [tpss] was disabled because it doesn't support the given collection type.
59 [139976527144704] INFO perfrun.launcher <> - plugin [] was disabled because it doesn't support the given collection type.
59 [139976527144704] INFO perfrun.launcher <> - plugin [] was disabled because it doesn't support the given collection type.
59 [139976527144704] INFO perfrun.launcher <> - plugin [] was disabled because it doesn't support the given collection type.
59 [139976527144704] INFO perfrun.launcher <> - plugin [] was disabled because it doesn't support the given collection type.
59 [139976527144704] INFO perfrun.launcher <> - plugin [] was disabled because it doesn't support the given collection type.
59 [139976527144704] INFO perfrun.launcher <> - plugin [] was disabled because it doesn't support the given collection type.
59 [139976527144704] INFO perfrun.launcher <> - plugin [] was disabled because it doesn't support the given collection type.
59 [139976527144704] INFO perfrun.launcher <> - plugin [] was disabled because it doesn't support the given collection type.
59 [139976527144704] INFO perfrun.launcher <> - plugin [] was disabled because it doesn't support the given collection type.
59 [139976689641344] INFO perfrun.launcher <> - Application exit code: 0
59 [139976689641344] INFO perfrun.launcher <> - Exit code: 0
